<?xml version="1.0" encoding="UTF-8"?>
<!-- Generated by org.testng.reporters.JUnitReportReporter -->
<testsuite skipped="0" hostname="SCC0679" name="com.sigma.appium.tests.android.HomePageTest" tests="3" failures="0" timestamp="03 jan 2019 09:34:35 GMT" time="4.653" errors="0">
  <testcase name="isPageLoadedTest" time="0.581" classname="com.sigma.appium.tests.android.HomePageTest"/>
  <testcase name="clickChromeIconTest" time="1.361" classname="com.sigma.appium.tests.android.HomePageTest"/>
  <testcase name="isPageUnloadedTest" time="2.711" classname="com.sigma.appium.tests.android.HomePageTest"/>
</testsuite> <!-- com.sigma.appium.tests.android.HomePageTest -->
