<?xml version="1.0" encoding="UTF-8"?>
<!-- Generated by org.testng.reporters.JUnitReportReporter -->
<testsuite skipped="0" hostname="SCC0679" name="com.sigma.appium.tests.android.CarSelectionPageTest" tests="6" failures="0" timestamp="03 jan 2019 09:34:35 GMT" time="15.010" errors="0">
  <testcase name="isPageLoadedTest" time="0.089" classname="com.sigma.appium.tests.android.CarSelectionPageTest"/>
  <testcase name="enterUserNameTest" time="10.496" classname="com.sigma.appium.tests.android.CarSelectionPageTest"/>
  <testcase name="performCarSelectionTest" time="2.796" classname="com.sigma.appium.tests.android.CarSelectionPageTest"/>
  <testcase name="clickSendNameButtonTest" time="0.209" classname="com.sigma.appium.tests.android.CarSelectionPageTest"/>
  <testcase name="isUserDataShownTest" time="1.323" classname="com.sigma.appium.tests.android.CarSelectionPageTest"/>
  <testcase name="isPageUnloadedTest" time="0.097" classname="com.sigma.appium.tests.android.CarSelectionPageTest"/>
</testsuite> <!-- com.sigma.appium.tests.android.CarSelectionPageTest -->
