<?xml version="1.0" encoding="UTF-8"?>
<!-- Generated by org.testng.reporters.JUnitReportReporter -->
<testsuite skipped="0" hostname="SCC0679" name="com.appium.youness.tests.CarSelectionPageTest" tests="6" failures="0" timestamp="18 dec 2018 21:47:43 GMT" time="15.516" errors="0">
  <testcase name="isPageLoadedTest" time="1.250" classname="com.appium.youness.tests.CarSelectionPageTest"/>
  <testcase name="enterUserNameTest" time="10.716" classname="com.appium.youness.tests.CarSelectionPageTest"/>
  <testcase name="performCarSelectionTest" time="2.020" classname="com.appium.youness.tests.CarSelectionPageTest"/>
  <testcase name="clickSendNameButtonTest" time="0.209" classname="com.appium.youness.tests.CarSelectionPageTest"/>
  <testcase name="isUserDataShownTest" time="1.218" classname="com.appium.youness.tests.CarSelectionPageTest"/>
  <testcase name="isPageUnloadedTest" time="0.103" classname="com.appium.youness.tests.CarSelectionPageTest"/>
</testsuite> <!-- com.appium.youness.tests.CarSelectionPageTest -->
