<?xml version="1.0" encoding="UTF-8"?>
<!-- Generated by org.testng.reporters.JUnitReportReporter -->
<testsuite skipped="0" hostname="SCC0679" name="com.appium.youness.tests.HomePageTest" tests="3" failures="0" timestamp="18 dec 2018 21:47:43 GMT" time="1.942" errors="0">
  <testcase name="isPageLoadedTest" time="0.157" classname="com.appium.youness.tests.HomePageTest"/>
  <testcase name="clickChromeIconTest" time="0.353" classname="com.appium.youness.tests.HomePageTest"/>
  <testcase name="isPageUnloadedTest" time="1.432" classname="com.appium.youness.tests.HomePageTest"/>
</testsuite> <!-- com.appium.youness.tests.HomePageTest -->
